Flow report for MandelbrotFPGA
Fri Apr 24 19:40:15 2026
Quartus Prime Version 22.1std.2 Build 922 07/20/2023 SC Lite Edition


---------------------
; Table of Contents ;
---------------------
  1. Legal Notice
  2. Flow Summary
  3. Flow Settings
  4. Flow Non-Default Global Settings
  5. Flow Elapsed Time
  6. Flow OS Summary
  7. Flow Log
  8. Flow Messages
  9. Flow Suppressed Messages



----------------
; Legal Notice ;
----------------
Copyright (C) 2023  Intel Corporation. All rights reserved.
Your use of Intel Corporation's design tools, logic functions 
and other software and tools, and any partner logic 
functions, and any output files from any of the foregoing 
(including device programming or simulation files), and any 
associated documentation or information are expressly subject 
to the terms and conditions of the Intel Program License 
Subscription Agreement, the Intel Quartus Prime License Agreement,
the Intel FPGA IP License Agreement, or other applicable license
agreement, including, without limitation, that your use is for
the sole purpose of programming logic devices manufactured by
Intel and sold by Intel or its authorized distributors.  Please
refer to the applicable agreement for further details, at
https://fpgasoftware.intel.com/eula.



+----------------------------------------------------------------------------------+
; Flow Summary                                                                     ;
+---------------------------------+------------------------------------------------+
; Flow Status                     ; Successful - Fri Apr 24 19:40:15 2026          ;
; Quartus Prime Version           ; 22.1std.2 Build 922 07/20/2023 SC Lite Edition ;
; Revision Name                   ; MandelbrotFPGA                                 ;
; Top-level Entity Name           ; MandelbrotTop                                  ;
; Family                          ; Cyclone V                                      ;
; Device                          ; 5CSEMA5F31C6                                   ;
; Timing Models                   ; Final                                          ;
; Logic utilization (in ALMs)     ; 583 / 32,070 ( 2 % )                           ;
; Total registers                 ; 547                                            ;
; Total pins                      ; 89 / 457 ( 19 % )                              ;
; Total virtual pins              ; 0                                              ;
; Total block memory bits         ; 0 / 4,065,280 ( 0 % )                          ;
; Total DSP Blocks                ; 3 / 87 ( 3 % )                                 ;
; Total HSSI RX PCSs              ; 0                                              ;
; Total HSSI PMA RX Deserializers ; 0                                              ;
; Total HSSI TX PCSs              ; 0                                              ;
; Total HSSI PMA TX Serializers   ; 0                                              ;
; Total PLLs                      ; 0 / 6 ( 0 % )                                  ;
; Total DLLs                      ; 0 / 4 ( 0 % )                                  ;
+---------------------------------+------------------------------------------------+


+-----------------------------------------+
; Flow Settings                           ;
+-------------------+---------------------+
; Option            ; Setting             ;
+-------------------+---------------------+
; Start date & time ; 04/24/2026 19:38:13 ;
; Main task         ; Compilation         ;
; Revision Name     ; MandelbrotFPGA      ;
+-------------------+---------------------+


+--------------------------------------------------------------------------------------------------------------------------------+
; Flow Non-Default Global Settings                                                                                               ;
+-------------------------------------+----------------------------------------+----------------+---------------+----------------+
; Assignment Name                     ; Value                                  ; Default Value  ; Entity Name   ; Section Id     ;
+-------------------------------------+----------------------------------------+----------------+---------------+----------------+
; COMPILER_SIGNATURE_ID               ; 168202124274040.177705589344096        ; --             ; --            ; --             ;
; EDA_NETLIST_WRITER_OUTPUT_DIR       ; simulation                             ; --             ; --            ; eda_simulation ;
; EDA_OUTPUT_DATA_FORMAT              ; Verilog Hdl                            ; --             ; --            ; eda_simulation ;
; EDA_SIMULATION_TOOL                 ; Questa Intel FPGA (Verilog)            ; <None>         ; --            ; --             ;
; EDA_TIME_SCALE                      ; 1 ns                                   ; --             ; --            ; eda_simulation ;
; MAX_CORE_JUNCTION_TEMP              ; 85                                     ; --             ; --            ; --             ;
; MIN_CORE_JUNCTION_TEMP              ; 0                                      ; --             ; --            ; --             ;
; NUM_PARALLEL_PROCESSORS             ; 4                                      ; --             ; --            ; --             ;
; PARTITION_COLOR                     ; -- (Not supported for targeted family) ; --             ; MandelbrotTop ; Top            ;
; PARTITION_FITTER_PRESERVATION_LEVEL ; -- (Not supported for targeted family) ; --             ; MandelbrotTop ; Top            ;
; PARTITION_NETLIST_TYPE              ; -- (Not supported for targeted family) ; --             ; MandelbrotTop ; Top            ;
; POWER_BOARD_THERMAL_MODEL           ; None (CONSERVATIVE)                    ; --             ; --            ; --             ;
; POWER_PRESET_COOLING_SOLUTION       ; 23 MM HEAT SINK WITH 200 LFPM AIRFLOW  ; --             ; --            ; --             ;
; PROJECT_OUTPUT_DIRECTORY            ; output_files                           ; --             ; --            ; --             ;
; TOP_LEVEL_ENTITY                    ; MandelbrotTop                          ; MandelbrotFPGA ; --            ; --             ;
+-------------------------------------+----------------------------------------+----------------+---------------+----------------+


+--------------------------------------------------------------------------------------------------------------------------+
; Flow Elapsed Time                                                                                                        ;
+----------------------+--------------+-------------------------+---------------------+------------------------------------+
; Module Name          ; Elapsed Time ; Average Processors Used ; Peak Virtual Memory ; Total CPU Time (on all processors) ;
+----------------------+--------------+-------------------------+---------------------+------------------------------------+
; Analysis & Synthesis ; 00:00:24     ; 1.0                     ; 4879 MB             ; 00:00:22                           ;
; Fitter               ; 00:01:10     ; 1.1                     ; 6632 MB             ; 00:02:16                           ;
; Assembler            ; 00:00:13     ; 1.0                     ; 5262 MB             ; 00:00:09                           ;
; Timing Analyzer      ; 00:00:08     ; 1.4                     ; 5412 MB             ; 00:00:10                           ;
; EDA Netlist Writer   ; 00:00:01     ; 1.0                     ; 4768 MB             ; 00:00:01                           ;
; Total                ; 00:01:56     ; --                      ; --                  ; 00:02:58                           ;
+----------------------+--------------+-------------------------+---------------------+------------------------------------+


+------------------------------------------------------------------------------------+
; Flow OS Summary                                                                    ;
+----------------------+------------------+------------+------------+----------------+
; Module Name          ; Machine Hostname ; OS Name    ; OS Version ; Processor type ;
+----------------------+------------------+------------+------------+----------------+
; Analysis & Synthesis ; DESKTOP-BEQ1VE9  ; Windows 10 ; 10.0       ; x86_64         ;
; Fitter               ; DESKTOP-BEQ1VE9  ; Windows 10 ; 10.0       ; x86_64         ;
; Assembler            ; DESKTOP-BEQ1VE9  ; Windows 10 ; 10.0       ; x86_64         ;
; Timing Analyzer      ; DESKTOP-BEQ1VE9  ; Windows 10 ; 10.0       ; x86_64         ;
; EDA Netlist Writer   ; DESKTOP-BEQ1VE9  ; Windows 10 ; 10.0       ; x86_64         ;
+----------------------+------------------+------------+------------+----------------+


------------
; Flow Log ;
------------
quartus_map --read_settings_files=on --write_settings_files=off MandelbrotFPGA -c MandelbrotFPGA
quartus_fit --read_settings_files=off --write_settings_files=off MandelbrotFPGA -c MandelbrotFPGA
quartus_asm --read_settings_files=off --write_settings_files=off MandelbrotFPGA -c MandelbrotFPGA
quartus_sta MandelbrotFPGA -c MandelbrotFPGA
quartus_eda --read_settings_files=off --write_settings_files=off MandelbrotFPGA -c MandelbrotFPGA



